MEM: Initializing pages...
MEM:   initial allocation of 100 pages
MEM:   sorting by virtual address
EAL: Probing VFIO support...
EAL: VFIO support initialized
EAL: PCI device 0000:03:00.1 on NUMA socket 0
EAL:   probe driver: 15b3:1017 net_mlx5
WEN: There are 1 device(s) available
[T]: Testing expandable circular log...

count:                           0
table_capa:                2293690 | load_factor:              0.000000

 == [STAT] Workers Start (4 threads in total) == 
 == [STAT] Memory flowing controler started on CORE 34 == 
[ARGS](L2H) to_shrink = 1	 log = 90	 partition = 10
  === [STAT] L2H is executed by Daemon ===  [time: 266.038000 ms]
EXP1: 0000	0.490802
[ARGS](L2H) to_shrink = 1	 log = 89	 partition = 11
  === [STAT] L2H is executed by Daemon ===  [time: 292.681000 ms]
EXP1: 0001	0.545321
[ARGS](L2H) to_shrink = 1	 log = 88	 partition = 12
  === [STAT] L2H is executed by Daemon ===  [time: 328.977000 ms]
EXP1: 0002	0.600920
[ARGS](L2H) to_shrink = 1	 log = 87	 partition = 13
  === [STAT] L2H is executed by Daemon ===  [time: 359.779000 ms]
EXP1: 0003	0.657427
[ARGS](L2H) to_shrink = 1	 log = 86	 partition = 14
  === [STAT] L2H is executed by Daemon ===  [time: 393.363000 ms]
EXP1: 0004	0.715270
[ARGS](L2H) to_shrink = 1	 log = 85	 partition = 15
  === [STAT] L2H is executed by Daemon ===  [time: 422.508000 ms]
EXP1: 0005	0.774272
[ARGS](L2H) to_shrink = 1	 log = 84	 partition = 16
  === [STAT] L2H is executed by Daemon ===  [time: 201.680000 ms]
EXP1: 0006	0.834467
[ARGS](L2H) to_shrink = 1	 log = 83	 partition = 17
  === [STAT] L2H is executed by Daemon ===  [time: 240.458000 ms]
EXP1: 0007	0.855151
count:                     1205844
set_nooverwrite:                 0 | set_new:                   1205844
set_inplace:                     0 | set_evicted:                     0
get_found:                 1382409 | get_notfound:             15192231
test_found:                      0 | test_notfound:                   0
cleanup:                         0
move_to_head_performed:          0 | move_to_head_skipped:            0 | move_to_head_failed:             0
[INFO] Everything works fine.
